<?xml version="1.0" encoding="UTF-8"?>
<testng-results ignored="0" total="9" passed="9" failed="0" skipped="0">
  <reporter-output>
  </reporter-output>
  <suite started-at="2023-08-28T19:52:51 UTC" name="Page Object test example" finished-at="2023-08-28T19:53:26 UTC" duration-ms="34850">
    <groups>
    </groups>
    <test started-at="2023-08-28T19:52:51 UTC" name="test-1" finished-at="2023-08-28T19:53:26 UTC" duration-ms="34850">
      <class name="com.spreecom.test.Spreecom_MenPage_Test">
        <test-method is-config="true" signature="initializeTestBaseSetup(java.lang.String,java.lang.String)[pri:0, instance:com.spreecom.test.Spreecom_MenPage_Test@610f7aa]" started-at="2023-08-28T19:53:04 UTC" name="initializeTestBaseSetup" finished-at="2023-08-28T19:53:12 UTC" duration-ms="8273" status="PASS">
          <params>
            <param index="0">
              <value>
                <![CDATA[edge]]>
              </value>
            </param>
            <param index="1">
              <value>
                <![CDATA[https://demo.spreecommerce.org/]]>
              </value>
            </param>
          </params>
          <reporter-output>
          </reporter-output>
        </test-method> <!-- initializeTestBaseSetup -->
        <test-method is-config="true" signature="setUp()[pri:0, instance:com.spreecom.test.Spreecom_MenPage_Test@610f7aa]" started-at="2023-08-28T19:53:12 UTC" name="setUp" finished-at="2023-08-28T19:53:12 UTC" duration-ms="0" status="PASS">
          <reporter-output>
          </reporter-output>
        </test-method> <!-- setUp -->
        <test-method signature="validateWomenPage()[pri:1, instance:com.spreecom.test.Spreecom_MenPage_Test@610f7aa]" started-at="2023-08-28T19:53:12 UTC" name="validateWomenPage" finished-at="2023-08-28T19:53:14 UTC" duration-ms="2098" status="PASS">
          <reporter-output>
          </reporter-output>
        </test-method> <!-- validateWomenPage -->
        <test-method is-config="true" signature="tearDown(org.testng.ITestResult)[pri:0, instance:com.spreecom.test.Spreecom_MenPage_Test@610f7aa]" started-at="2023-08-28T19:53:14 UTC" name="tearDown" finished-at="2023-08-28T19:53:14 UTC" duration-ms="1" status="PASS">
          <params>
            <param index="0">
              <value>
                <![CDATA[[TestResult name=validateWomenPage status=SUCCESS method=Spreecom_MenPage_Test.validateWomenPage()[pri:1, instance:com.spreecom.test.Spreecom_MenPage_Test@610f7aa] output={null}]]]>
              </value>
            </param>
          </params>
          <reporter-output>
          </reporter-output>
        </test-method> <!-- tearDown -->
        <test-method signature="validateTitle()[pri:2, instance:com.spreecom.test.Spreecom_MenPage_Test@610f7aa]" started-at="2023-08-28T19:53:14 UTC" name="validateTitle" finished-at="2023-08-28T19:53:14 UTC" duration-ms="9" status="PASS">
          <reporter-output>
          </reporter-output>
        </test-method> <!-- validateTitle -->
        <test-method is-config="true" signature="tearDown(org.testng.ITestResult)[pri:0, instance:com.spreecom.test.Spreecom_MenPage_Test@610f7aa]" started-at="2023-08-28T19:53:14 UTC" name="tearDown" finished-at="2023-08-28T19:53:14 UTC" duration-ms="0" status="PASS">
          <params>
            <param index="0">
              <value>
                <![CDATA[[TestResult name=validateTitle status=SUCCESS method=Spreecom_MenPage_Test.validateTitle()[pri:2, instance:com.spreecom.test.Spreecom_MenPage_Test@610f7aa] output={null}]]]>
              </value>
            </param>
          </params>
          <reporter-output>
          </reporter-output>
        </test-method> <!-- tearDown -->
        <test-method signature="validateText()[pri:3, instance:com.spreecom.test.Spreecom_MenPage_Test@610f7aa]" started-at="2023-08-28T19:53:14 UTC" name="validateText" finished-at="2023-08-28T19:53:14 UTC" duration-ms="133" status="PASS">
          <reporter-output>
          </reporter-output>
        </test-method> <!-- validateText -->
        <test-method is-config="true" signature="tearDown(org.testng.ITestResult)[pri:0, instance:com.spreecom.test.Spreecom_MenPage_Test@610f7aa]" started-at="2023-08-28T19:53:14 UTC" name="tearDown" finished-at="2023-08-28T19:53:14 UTC" duration-ms="1" status="PASS">
          <params>
            <param index="0">
              <value>
                <![CDATA[[TestResult name=validateText status=SUCCESS method=Spreecom_MenPage_Test.validateText()[pri:3, instance:com.spreecom.test.Spreecom_MenPage_Test@610f7aa] output={null}]]]>
              </value>
            </param>
          </params>
          <reporter-output>
          </reporter-output>
        </test-method> <!-- tearDown -->
        <test-method is-config="true" signature="tearDown()[pri:0, instance:com.spreecom.test.Spreecom_MenPage_Test@610f7aa]" started-at="2023-08-28T19:53:14 UTC" name="tearDown" finished-at="2023-08-28T19:53:16 UTC" duration-ms="1406" status="PASS">
          <reporter-output>
          </reporter-output>
        </test-method> <!-- tearDown -->
      </class> <!-- com.spreecom.test.Spreecom_MenPage_Test -->
      <class name="com.spreecom.test.Spreecom_WomenPage_Test">
        <test-method is-config="true" signature="SetUp()[pri:0, instance:com.spreecom.test.Spreecom_WomenPage_Test@6ff29830]" started-at="2023-08-28T19:52:51 UTC" name="SetUp" finished-at="2023-08-28T19:52:52 UTC" duration-ms="254" status="PASS">
          <reporter-output>
          </reporter-output>
        </test-method> <!-- SetUp -->
        <test-method is-config="true" signature="initializeTestBaseSetup(java.lang.String,java.lang.String)[pri:0, instance:com.spreecom.test.Spreecom_WomenPage_Test@6ff29830]" started-at="2023-08-28T19:52:52 UTC" name="initializeTestBaseSetup" finished-at="2023-08-28T19:53:00 UTC" duration-ms="8232" status="PASS">
          <params>
            <param index="0">
              <value>
                <![CDATA[edge]]>
              </value>
            </param>
            <param index="1">
              <value>
                <![CDATA[https://demo.spreecommerce.org/]]>
              </value>
            </param>
          </params>
          <reporter-output>
          </reporter-output>
        </test-method> <!-- initializeTestBaseSetup -->
        <test-method is-config="true" signature="setUp()[pri:0, instance:com.spreecom.test.Spreecom_WomenPage_Test@6ff29830]" started-at="2023-08-28T19:53:00 UTC" name="setUp" finished-at="2023-08-28T19:53:00 UTC" duration-ms="17" status="PASS">
          <reporter-output>
          </reporter-output>
        </test-method> <!-- setUp -->
        <test-method signature="validateWomenPage()[pri:1, instance:com.spreecom.test.Spreecom_WomenPage_Test@6ff29830]" started-at="2023-08-28T19:53:00 UTC" name="validateWomenPage" finished-at="2023-08-28T19:53:02 UTC" duration-ms="2122" status="PASS">
          <reporter-output>
          </reporter-output>
        </test-method> <!-- validateWomenPage -->
        <test-method is-config="true" signature="tearDown(org.testng.ITestResult)[pri:0, instance:com.spreecom.test.Spreecom_WomenPage_Test@6ff29830]" started-at="2023-08-28T19:53:02 UTC" name="tearDown" finished-at="2023-08-28T19:53:02 UTC" duration-ms="7" status="PASS">
          <params>
            <param index="0">
              <value>
                <![CDATA[[TestResult name=validateWomenPage status=SUCCESS method=Spreecom_WomenPage_Test.validateWomenPage()[pri:1, instance:com.spreecom.test.Spreecom_WomenPage_Test@6ff29830] output={null}]]]>
              </value>
            </param>
          </params>
          <reporter-output>
          </reporter-output>
        </test-method> <!-- tearDown -->
        <test-method signature="validateTitle()[pri:2, instance:com.spreecom.test.Spreecom_WomenPage_Test@6ff29830]" started-at="2023-08-28T19:53:02 UTC" name="validateTitle" finished-at="2023-08-28T19:53:02 UTC" duration-ms="8" status="PASS">
          <reporter-output>
          </reporter-output>
        </test-method> <!-- validateTitle -->
        <test-method is-config="true" signature="tearDown(org.testng.ITestResult)[pri:0, instance:com.spreecom.test.Spreecom_WomenPage_Test@6ff29830]" started-at="2023-08-28T19:53:02 UTC" name="tearDown" finished-at="2023-08-28T19:53:02 UTC" duration-ms="1" status="PASS">
          <params>
            <param index="0">
              <value>
                <![CDATA[[TestResult name=validateTitle status=SUCCESS method=Spreecom_WomenPage_Test.validateTitle()[pri:2, instance:com.spreecom.test.Spreecom_WomenPage_Test@6ff29830] output={null}]]]>
              </value>
            </param>
          </params>
          <reporter-output>
          </reporter-output>
        </test-method> <!-- tearDown -->
        <test-method signature="validateText()[pri:3, instance:com.spreecom.test.Spreecom_WomenPage_Test@6ff29830]" started-at="2023-08-28T19:53:02 UTC" name="validateText" finished-at="2023-08-28T19:53:02 UTC" duration-ms="208" status="PASS">
          <reporter-output>
          </reporter-output>
        </test-method> <!-- validateText -->
        <test-method is-config="true" signature="tearDown(org.testng.ITestResult)[pri:0, instance:com.spreecom.test.Spreecom_WomenPage_Test@6ff29830]" started-at="2023-08-28T19:53:02 UTC" name="tearDown" finished-at="2023-08-28T19:53:02 UTC" duration-ms="1" status="PASS">
          <params>
            <param index="0">
              <value>
                <![CDATA[[TestResult name=validateText status=SUCCESS method=Spreecom_WomenPage_Test.validateText()[pri:3, instance:com.spreecom.test.Spreecom_WomenPage_Test@6ff29830] output={null}]]]>
              </value>
            </param>
          </params>
          <reporter-output>
          </reporter-output>
        </test-method> <!-- tearDown -->
        <test-method is-config="true" signature="tearDown()[pri:0, instance:com.spreecom.test.Spreecom_WomenPage_Test@6ff29830]" started-at="2023-08-28T19:53:02 UTC" name="tearDown" finished-at="2023-08-28T19:53:04 UTC" duration-ms="1645" status="PASS">
          <reporter-output>
          </reporter-output>
        </test-method> <!-- tearDown -->
      </class> <!-- com.spreecom.test.Spreecom_WomenPage_Test -->
      <class name="com.spreecom.test.Spreecom_SportswearPage_Test">
        <test-method is-config="true" signature="initializeTestBaseSetup(java.lang.String,java.lang.String)[pri:0, instance:com.spreecom.test.Spreecom_SportswearPage_Test@6a03bcb1]" started-at="2023-08-28T19:53:16 UTC" name="initializeTestBaseSetup" finished-at="2023-08-28T19:53:23 UTC" duration-ms="6765" status="PASS">
          <params>
            <param index="0">
              <value>
                <![CDATA[edge]]>
              </value>
            </param>
            <param index="1">
              <value>
                <![CDATA[https://demo.spreecommerce.org/]]>
              </value>
            </param>
          </params>
          <reporter-output>
          </reporter-output>
        </test-method> <!-- initializeTestBaseSetup -->
        <test-method is-config="true" signature="setUp()[pri:0, instance:com.spreecom.test.Spreecom_SportswearPage_Test@6a03bcb1]" started-at="2023-08-28T19:53:23 UTC" name="setUp" finished-at="2023-08-28T19:53:23 UTC" duration-ms="1" status="PASS">
          <reporter-output>
          </reporter-output>
        </test-method> <!-- setUp -->
        <test-method signature="validateSportswearPage()[pri:1, instance:com.spreecom.test.Spreecom_SportswearPage_Test@6a03bcb1]" started-at="2023-08-28T19:53:23 UTC" name="validateSportswearPage" finished-at="2023-08-28T19:53:25 UTC" duration-ms="2103" status="PASS">
          <reporter-output>
          </reporter-output>
        </test-method> <!-- validateSportswearPage -->
        <test-method is-config="true" signature="tearDown(org.testng.ITestResult)[pri:0, instance:com.spreecom.test.Spreecom_SportswearPage_Test@6a03bcb1]" started-at="2023-08-28T19:53:25 UTC" name="tearDown" finished-at="2023-08-28T19:53:25 UTC" duration-ms="0" status="PASS">
          <params>
            <param index="0">
              <value>
                <![CDATA[[TestResult name=validateSportswearPage status=SUCCESS method=Spreecom_SportswearPage_Test.validateSportswearPage()[pri:1, instance:com.spreecom.test.Spreecom_SportswearPage_Test@6a03bcb1] output={null}]]]>
              </value>
            </param>
          </params>
          <reporter-output>
          </reporter-output>
        </test-method> <!-- tearDown -->
        <test-method signature="validateTitle()[pri:2, instance:com.spreecom.test.Spreecom_SportswearPage_Test@6a03bcb1]" started-at="2023-08-28T19:53:25 UTC" name="validateTitle" finished-at="2023-08-28T19:53:25 UTC" duration-ms="8" status="PASS">
          <reporter-output>
          </reporter-output>
        </test-method> <!-- validateTitle -->
        <test-method is-config="true" signature="tearDown(org.testng.ITestResult)[pri:0, instance:com.spreecom.test.Spreecom_SportswearPage_Test@6a03bcb1]" started-at="2023-08-28T19:53:25 UTC" name="tearDown" finished-at="2023-08-28T19:53:25 UTC" duration-ms="1" status="PASS">
          <params>
            <param index="0">
              <value>
                <![CDATA[[TestResult name=validateTitle status=SUCCESS method=Spreecom_SportswearPage_Test.validateTitle()[pri:2, instance:com.spreecom.test.Spreecom_SportswearPage_Test@6a03bcb1] output={null}]]]>
              </value>
            </param>
          </params>
          <reporter-output>
          </reporter-output>
        </test-method> <!-- tearDown -->
        <test-method signature="validateText()[pri:3, instance:com.spreecom.test.Spreecom_SportswearPage_Test@6a03bcb1]" started-at="2023-08-28T19:53:25 UTC" name="validateText" finished-at="2023-08-28T19:53:25 UTC" duration-ms="117" status="PASS">
          <reporter-output>
          </reporter-output>
        </test-method> <!-- validateText -->
        <test-method is-config="true" signature="tearDown(org.testng.ITestResult)[pri:0, instance:com.spreecom.test.Spreecom_SportswearPage_Test@6a03bcb1]" started-at="2023-08-28T19:53:25 UTC" name="tearDown" finished-at="2023-08-28T19:53:25 UTC" duration-ms="1" status="PASS">
          <params>
            <param index="0">
              <value>
                <![CDATA[[TestResult name=validateText status=SUCCESS method=Spreecom_SportswearPage_Test.validateText()[pri:3, instance:com.spreecom.test.Spreecom_SportswearPage_Test@6a03bcb1] output={null}]]]>
              </value>
            </param>
          </params>
          <reporter-output>
          </reporter-output>
        </test-method> <!-- tearDown -->
        <test-method is-config="true" signature="tearDown()[pri:0, instance:com.spreecom.test.Spreecom_SportswearPage_Test@6a03bcb1]" started-at="2023-08-28T19:53:25 UTC" name="tearDown" finished-at="2023-08-28T19:53:26 UTC" duration-ms="1387" status="PASS">
          <reporter-output>
          </reporter-output>
        </test-method> <!-- tearDown -->
      </class> <!-- com.spreecom.test.Spreecom_SportswearPage_Test -->
    </test> <!-- test-1 -->
  </suite> <!-- Page Object test example -->
</testng-results>
